# JRE version: OpenJDK Runtime Environment (14.0.1+14) (build 14.0.1+14)
# Java VM: OpenJDK 64-Bit Server VM (14.0.1+14, mixed mode, sharing, tiered, compressed oops, g1 gc, bsd-amd64)
Heap:
 garbage-first heap   total 34816K, used 7946K [0x0000000700000000, 0x0000000800000000)
  region size 1024K, 1 young (1024K), 0 survivors (0K)
 Metaspace       used 7483K, capacity 8726K, committed 8960K, reserved 1056768K
  class space    used 733K, capacity 908K, committed 1024K, reserved 1048576K
GC Heap History (20 events):
Event: 46.016 GC heap before
{Heap before GC invocations=885 (full 89):
 garbage-first heap   total 34816K, used 26366K [0x0000000700000000, 0x0000000800000000)
  region size 1024K, 19 young (19456K), 1 survivors (1024K)
 Metaspace       used 7476K, capacity 8726K, committed 8960K, reserved 1056768K
  class space    used 731K, capacity 908K, committed 1024K, reserved 1048576K
}
Event: 46.016 GC heap after
{Heap after GC invocations=886 (full 89):
 garbage-first heap   total 34816K, used 7936K [0x0000000700000000, 0x0000000800000000)
  region size 1024K, 1 young (1024K), 1 survivors (1024K)
 Metaspace       used 7476K, capacity 8726K, committed 8960K, reserved 1056768K
  class space    used 731K, capacity 908K, committed 1024K, reserved 1048576K
}
Event: 46.077 GC heap before
{Heap before GC invocations=886 (full 89):
 garbage-first heap   total 34816K, used 26368K [0x0000000700000000, 0x0000000800000000)
  region size 1024K, 19 young (19456K), 1 survivors (1024K)
 Metaspace       used 7476K, capacity 8726K, committed 8960K, reserved 1056768K
  class space    used 731K, capacity 908K, committed 1024K, reserved 1048576K
}
Event: 46.078 GC heap after
{Heap after GC invocations=887 (full 89):
 garbage-first heap   total 34816K, used 7936K [0x0000000700000000, 0x0000000800000000)
  region size 1024K, 1 young (1024K), 1 survivors (1024K)
 Metaspace       used 7476K, capacity 8726K, committed 8960K, reserved 1056768K
  class space    used 731K, capacity 908K, committed 1024K, reserved 1048576K
}
Event: 46.125 GC heap before
{Heap before GC invocations=887 (full 89):
 garbage-first heap   total 34816K, used 26368K [0x0000000700000000, 0x0000000800000000)
  region size 1024K, 19 young (19456K), 1 survivors (1024K)
 Metaspace       used 7476K, capacity 8726K, committed 8960K, reserved 1056768K
  class space    used 731K, capacity 908K, committed 1024K, reserved 1048576K
}
Event: 46.126 GC heap after
{Heap after GC invocations=888 (full 89):
 garbage-first heap   total 34816K, used 7938K [0x0000000700000000, 0x0000000800000000)
  region size 1024K, 1 young (1024K), 1 survivors (1024K)
 Metaspace       used 7476K, capacity 8726K, committed 8960K, reserved 1056768K
  class space    used 731K, capacity 908K, committed 1024K, reserved 1048576K
}
Event: 46.162 GC heap before
{Heap before GC invocations=888 (full 89):
 garbage-first heap   total 34816K, used 26370K [0x0000000700000000, 0x0000000800000000)
  region size 1024K, 19 young (19456K), 1 survivors (1024K)
 Metaspace       used 7476K, capacity 8726K, committed 8960K, reserved 1056768K
  class space    used 731K, capacity 908K, committed 1024K, reserved 1048576K
}
Event: 46.162 GC heap after
{Heap after GC invocations=889 (full 89):
 garbage-first heap   total 34816K, used 7942K [0x0000000700000000, 0x0000000800000000)
  region size 1024K, 1 young (1024K), 1 survivors (1024K)
 Metaspace       used 7476K, capacity 8726K, committed 8960K, reserved 1056768K
  class space    used 731K, capacity 908K, committed 1024K, reserved 1048576K
}
Event: 46.216 GC heap before
{Heap before GC invocations=889 (full 89):
 garbage-first heap   total 34816K, used 26374K [0x0000000700000000, 0x0000000800000000)
  region size 1024K, 19 young (19456K), 1 survivors (1024K)
 Metaspace       used 7476K, capacity 8726K, committed 8960K, reserved 1056768K
  class space    used 731K, capacity 908K, committed 1024K, reserved 1048576K
}
Event: 46.217 GC heap after
{Heap after GC invocations=890 (full 89):
 garbage-first heap   total 34816K, used 7942K [0x0000000700000000, 0x0000000800000000)
  region size 1024K, 1 young (1024K), 1 survivors (1024K)
 Metaspace       used 7476K, capacity 8726K, committed 8960K, reserved 1056768K
  class space    used 731K, capacity 908K, committed 1024K, reserved 1048576K
}
Event: 46.263 GC heap before
{Heap before GC invocations=890 (full 89):
 garbage-first heap   total 34816K, used 26374K [0x0000000700000000, 0x0000000800000000)
  region size 1024K, 19 young (19456K), 1 survivors (1024K)
 Metaspace       used 7476K, capacity 8726K, committed 8960K, reserved 1056768K
  class space    used 731K, capacity 908K, committed 1024K, reserved 1048576K
}
Event: 46.263 GC heap after
{Heap after GC invocations=891 (full 89):
 garbage-first heap   total 34816K, used 7944K [0x0000000700000000, 0x0000000800000000)
  region size 1024K, 1 young (1024K), 1 survivors (1024K)
 Metaspace       used 7476K, capacity 8726K, committed 8960K, reserved 1056768K
  class space    used 731K, capacity 908K, committed 1024K, reserved 1048576K
}
Event: 46.293 GC heap before
{Heap before GC invocations=891 (full 89):
 garbage-first heap   total 34816K, used 26376K [0x0000000700000000, 0x0000000800000000)
  region size 1024K, 19 young (19456K), 1 survivors (1024K)
 Metaspace       used 7476K, capacity 8726K, committed 8960K, reserved 1056768K
  class space    used 731K, capacity 908K, committed 1024K, reserved 1048576K
}
Event: 46.294 GC heap after
{Heap after GC invocations=892 (full 89):
 garbage-first heap   total 34816K, used 7946K [0x0000000700000000, 0x0000000800000000)
  region size 1024K, 1 young (1024K), 1 survivors (1024K)
 Metaspace       used 7476K, capacity 8726K, committed 8960K, reserved 1056768K
  class space    used 731K, capacity 908K, committed 1024K, reserved 1048576K
}
Event: 46.323 GC heap before
{Heap before GC invocations=892 (full 89):
 garbage-first heap   total 34816K, used 26378K [0x0000000700000000, 0x0000000800000000)
  region size 1024K, 19 young (19456K), 1 survivors (1024K)
 Metaspace       used 7476K, capacity 8726K, committed 8960K, reserved 1056768K
  class space    used 731K, capacity 908K, committed 1024K, reserved 1048576K
}
Event: 46.323 GC heap after
{Heap after GC invocations=893 (full 89):
 garbage-first heap   total 148480K, used 7946K [0x0000000700000000, 0x0000000800000000)
  region size 1024K, 1 young (1024K), 1 survivors (1024K)
 Metaspace       used 7476K, capacity 8726K, committed 8960K, reserved 1056768K
  class space    used 731K, capacity 908K, committed 1024K, reserved 1048576K
}
Event: 46.448 GC heap before
{Heap before GC invocations=893 (full 89):
 garbage-first heap   total 148480K, used 96010K [0x0000000700000000, 0x0000000800000000)
  region size 1024K, 87 young (89088K), 1 survivors (1024K)
 Metaspace       used 7476K, capacity 8726K, committed 8960K, reserved 1056768K
  class space    used 731K, capacity 908K, committed 1024K, reserved 1048576K
}
Event: 46.449 GC heap after
{Heap after GC invocations=894 (full 89):
 garbage-first heap   total 148480K, used 7956K [0x0000000700000000, 0x0000000800000000)
  region size 1024K, 1 young (1024K), 1 survivors (1024K)
 Metaspace       used 7476K, capacity 8726K, committed 8960K, reserved 1056768K
  class space    used 731K, capacity 908K, committed 1024K, reserved 1048576K
}
Event: 46.464 GC heap before
{Heap before GC invocations=894 (full 89):
 garbage-first heap   total 148480K, used 12052K [0x0000000700000000, 0x0000000800000000)
  region size 1024K, 6 young (6144K), 1 survivors (1024K)
 Metaspace       used 7476K, capacity 8726K, committed 8960K, reserved 1056768K
  class space    used 731K, capacity 908K, committed 1024K, reserved 1048576K
}
Event: 46.477 GC heap after
{Heap after GC invocations=895 (full 90):
 garbage-first heap   total 34816K, used 7946K [0x0000000700000000, 0x0000000800000000)
  region size 1024K, 0 young (0K), 0 survivors (0K)
 Metaspace       used 7476K, capacity 8726K, committed 8960K, reserved 1056768K
  class space    used 731K, capacity 908K, committed 1024K, reserved 1048576K
}

